sample/app/build/outputs/logs/manifest-merger-debug-report.txt
-- Merging decision tree log ---
manifest
ADDED from src\main\AndroidManifest.xml:17:1-44:12
	package
		ADDED from src\main\AndroidManifest.xml:18:5-42
		INJECTED from src\main\AndroidManifest.xml
		INJECTED from src\main\AndroidManifest.xml
	android:versionName
		ADDED from src\main\AndroidManifest.xml:20:5-30
		INJECTED from src\main\AndroidManifest.xml
		INJECTED from src\main\AndroidManifest.xml
	android:versionCode
		ADDED from src\main\AndroidManifest.xml:19:5-28
		INJECTED from src\main\AndroidManifest.xml
		INJECTED from src\main\AndroidManifest.xml
	xmlns:android
		ADDED from src\main\AndroidManifest.xml:17:11-69
uses-sdk
ADDED from src\main\AndroidManifest.xml:22:3-70
	android:targetSdkVersion
		ADDED from src\main\AndroidManifest.xml:22:39-68
		INJECTED from src\main\AndroidManifest.xml
		INJECTED from src\main\AndroidManifest.xml
	android:minSdkVersion
		ADDED from src\main\AndroidManifest.xml:22:13-38
		INJECTED from src\main\AndroidManifest.xml
		INJECTED from src\main\AndroidManifest.xml
uses-permission#android.permission.INTERNET
ADDED from src\main\AndroidManifest.xml:24:3-64
	android:name
		ADDED from src\main\AndroidManifest.xml:24:20-62
application
ADDED from src\main\AndroidManifest.xml:26:3-42:17
	android:label
		ADDED from src\main\AndroidManifest.xml:26:16-57
activity#com.examples.youtubeapidemo.IntentsDemoActivity
ADDED from src\main\AndroidManifest.xml:30:5-40:16
	android:label
		ADDED from src\main\AndroidManifest.xml:31:9-50
	android:name
		ADDED from src\main\AndroidManifest.xml:32:9-44
intent-filter#android.intent.action.MAIN+android.intent.category.LAUNCHER
ADDED from src\main\AndroidManifest.xml:33:7-36:23
action#android.intent.action.MAIN
ADDED from src\main\AndroidManifest.xml:34:9-61
	android:name
		ADDED from src\main\AndroidManifest.xml:34:17-58
category#android.intent.category.LAUNCHER
ADDED from src\main\AndroidManifest.xml:35:9-69
	android:name
		ADDED from src\main\AndroidManifest.xml:35:19-66
meta-data#@string/minVersion
ADDED from src\main\AndroidManifest.xml:37:7-71
	android:value
		ADDED from src\main\AndroidManifest.xml:37:52-69
	android:name
		ADDED from src\main\AndroidManifest.xml:37:18-51
meta-data#@string/isLaunchableActivity
ADDED from src\main\AndroidManifest.xml:38:7-84
	android:value
		ADDED from src\main\AndroidManifest.xml:38:62-82
	android:name
		ADDED from src\main\AndroidManifest.xml:38:18-61